<?xml version="1.0" encoding="UTF-8"?>
<!-- Generated by org.testng.reporters.JUnitReportReporter -->
<testsuite hostname="DESKTOP-3CFCD90" failures="0" tests="1" name="com.FirstProject.testccases.AddToCartPageTest" time="36.136" errors="0" timestamp="2022-09-20T07:01:56 IST" skipped="0">
  <testcase classname="com.FirstProject.testccases.AddToCartPageTest" name="validateProductAddedToCartTest" time="36.136"/>
  <system-out/>
</testsuite> <!-- com.FirstProject.testccases.AddToCartPageTest -->
