<?xml version="1.0" encoding="UTF-8"?>
<!-- Generated by org.testng.reporters.JUnitReportReporter -->
<testsuite hostname="DESKTOP-3CFCD90" failures="0" tests="2" name="com.FirstProject.testccases.IndexPageTest" time="38.819" errors="0" timestamp="2022-09-20T07:01:56 IST" skipped="0">
  <testcase classname="com.FirstProject.testccases.IndexPageTest" name="verifyLogo" time="18.272"/>
  <system-out/>
  <testcase classname="com.FirstProject.testccases.IndexPageTest" name="verifyTitle" time="20.547"/>
  <system-out/>
</testsuite> <!-- com.FirstProject.testccases.IndexPageTest -->
