<?xml version="1.0" encoding="UTF-8"?>
<!-- Generated by org.testng.reporters.JUnitReportReporter -->
<testsuite hostname="DESKTOP-3CFCD90" failures="0" tests="2" name="com.FirstProject.testccases.HomePageTest" time="97.970" errors="0" timestamp="2022-09-20T07:01:56 IST" skipped="0">
  <testcase classname="com.FirstProject.testccases.HomePageTest" name="validateOrderHistoryTest" time="46.390"/>
  <system-out/>
  <testcase classname="com.FirstProject.testccases.HomePageTest" name="validatewishList" time="51.580"/>
  <system-out/>
</testsuite> <!-- com.FirstProject.testccases.HomePageTest -->
